<?xml version="1.0" encoding="UTF-8"?>
<!-- Generated by org.testng.reporters.JUnitReportReporter -->
<testsuite skipped="0" hostname="h" name="NotAvailableFeedbackTest" tests="2" failures="0" timestamp="06 Jun 2017 06:21:20 GMT" time="16.490" errors="0">
  <testcase name="checkFeedbacksAvailable" time="9.166" classname="NotAvailableFeedbackTest"/>
  <testcase name="checkFeedbacks" time="7.324" classname="NotAvailableFeedbackTest"/>
</testsuite> <!-- NotAvailableFeedbackTest -->
