<?xml version="1.0" encoding="UTF-8"?>
<!-- Generated by org.testng.reporters.JUnitReportReporter -->
<testsuite skipped="0" hostname="h" name="FeedbackCreateTest" tests="2" failures="0" timestamp="06 Jun 2017 06:21:20 GMT" time="20.083" errors="0">
  <testcase name="bcheckCreatingFeedback" time="11.853" classname="FeedbackCreateTest"/>
  <testcase name="agoToDoctorPageAndCreateFeedback" time="8.230" classname="FeedbackCreateTest"/>
</testsuite> <!-- FeedbackCreateTest -->
