<?xml version="1.0" encoding="UTF-8"?>
<!-- Generated by org.testng.reporters.JUnitReportReporter -->
<testsuite skipped="0" hostname="h" name="FeedbackTest" tests="2" failures="0" timestamp="06 Jun 2017 06:21:20 GMT" time="48.751" errors="0">
  <testcase name="checkIfItsNotAvailableSendButtonIfFeedbackIsBlocked" time="26.966" classname="FeedbackTest"/>
  <testcase name="checkIfItsNotVisibleBlockedFeedback" time="21.785" classname="FeedbackTest"/>
</testsuite> <!-- FeedbackTest -->
